Command line invocation:
    /Applications/Xcode.app/Contents/Developer/usr/bin/xcodebuild -scheme QuestionnaireApp -destination "platform=iOS Simulator,name=iPhone 16" build

2025-10-16 18:07:47.086 xcodebuild[41175:1585027]  DVTDeviceOperation: Encountered a build number "" that is incompatible with DVTBuildVersion.
2025-10-16 18:07:47.334 xcodebuild[41175:1584940] [MT] DVTDeviceOperation: Encountered a build number "" that is incompatible with DVTBuildVersion.
ComputePackagePrebuildTargetDependencyGraph

Prepare packages

CreateBuildRequest

SendProjectDescription

CreateBuildOperation

ComputeTargetDependencyGraph
note: Building targets in dependency order
note: Target dependency graph (1 target)
    Target 'QuestionnaireApp' in project 'QuestionnaireApp' (no dependencies)

GatherProvisioningInputs

CreateBuildDescription

ExecuteExternalTool /Applications/Xcode.app/Contents/Developer/usr/bin/ibtool --version --output-format xml1

ExecuteExternalTool /Applications/Xcode.app/Contents/Developer/Toolchains/XcodeDefault.xctoolchain/usr/bin/clang -v -E -dM -isysroot /Applications/Xcode.app/Contents/Developer/Platforms/iPhoneSimulator.platform/Developer/SDKs/iPhoneSimulator18.5.sdk -x c -c /dev/null

ExecuteExternalTool /Applications/Xcode.app/Contents/Developer/usr/bin/actool --print-asset-tag-combinations --output-format xml1 /Users/mucenid/questionnaire_poc/ios/QuestionnaireApp/QuestionnaireApp/Assets.xcassets

ExecuteExternalTool /Applications/Xcode.app/Contents/Developer/usr/bin/actool --version --output-format xml1

ExecuteExternalTool /Applications/Xcode.app/Contents/Developer/Toolchains/XcodeDefault.xctoolchain/usr/bin/swiftc --version

ExecuteExternalTool /Applications/Xcode.app/Contents/Developer/Toolchains/XcodeDefault.xctoolchain/usr/bin/ld -version_details

Build description signature: c30b2027898f3aae42974a4d247c21b0
Build description path: /Users/mucenid/Library/Developer/Xcode/DerivedData/QuestionnaireApp-gjpcrcvguetuqehkzfymdyfrpxet/Build/Intermediates.noindex/XCBuildData/c30b2027898f3aae42974a4d247c21b0.xcbuilddata
ClangStatCache /Applications/Xcode.app/Contents/Developer/Toolchains/XcodeDefault.xctoolchain/usr/bin/clang-stat-cache /Applications/Xcode.app/Contents/Developer/Platforms/iPhoneSimulator.platform/Developer/SDKs/iPhoneSimulator18.5.sdk /Users/mucenid/Library/Developer/Xcode/DerivedData/SDKStatCaches.noindex/iphonesimulator18.5-22F76-d5fc8ad4295d2ef488fb7d0f804ce0c4.sdkstatcache
    cd /Users/mucenid/questionnaire_poc/ios/QuestionnaireApp/QuestionnaireApp.xcodeproj
    /Applications/Xcode.app/Contents/Developer/Toolchains/XcodeDefault.xctoolchain/usr/bin/clang-stat-cache /Applications/Xcode.app/Contents/Developer/Platforms/iPhoneSimulator.platform/Developer/SDKs/iPhoneSimulator18.5.sdk -o /Users/mucenid/Library/Developer/Xcode/DerivedData/SDKStatCaches.noindex/iphonesimulator18.5-22F76-d5fc8ad4295d2ef488fb7d0f804ce0c4.sdkstatcache

ProcessProductPackaging "" /Users/mucenid/Library/Developer/Xcode/DerivedData/QuestionnaireApp-gjpcrcvguetuqehkzfymdyfrpxet/Build/Intermediates.noindex/QuestionnaireApp.build/Debug-iphonesimulator/QuestionnaireApp.build/QuestionnaireApp.app-Simulated.xcent (in target 'QuestionnaireApp' from project 'QuestionnaireApp')
    cd /Users/mucenid/questionnaire_poc/ios/QuestionnaireApp
    
    Entitlements:
    
    {
    "application-identifier" = "SYPH52NVQ7.com.example.QuestionnaireApp";
}
    
    builtin-productPackagingUtility -entitlements -format xml -o /Users/mucenid/Library/Developer/Xcode/DerivedData/QuestionnaireApp-gjpcrcvguetuqehkzfymdyfrpxet/Build/Intermediates.noindex/QuestionnaireApp.build/Debug-iphonesimulator/QuestionnaireApp.build/QuestionnaireApp.app-Simulated.xcent

ProcessProductPackagingDER /Users/mucenid/Library/Developer/Xcode/DerivedData/QuestionnaireApp-gjpcrcvguetuqehkzfymdyfrpxet/Build/Intermediates.noindex/QuestionnaireApp.build/Debug-iphonesimulator/QuestionnaireApp.build/QuestionnaireApp.app-Simulated.xcent /Users/mucenid/Library/Developer/Xcode/DerivedData/QuestionnaireApp-gjpcrcvguetuqehkzfymdyfrpxet/Build/Intermediates.noindex/QuestionnaireApp.build/Debug-iphonesimulator/QuestionnaireApp.build/QuestionnaireApp.app-Simulated.xcent.der (in target 'QuestionnaireApp' from project 'QuestionnaireApp')
    cd /Users/mucenid/questionnaire_poc/ios/QuestionnaireApp
    /usr/bin/derq query -f xml -i /Users/mucenid/Library/Developer/Xcode/DerivedData/QuestionnaireApp-gjpcrcvguetuqehkzfymdyfrpxet/Build/Intermediates.noindex/QuestionnaireApp.build/Debug-iphonesimulator/QuestionnaireApp.build/QuestionnaireApp.app-Simulated.xcent -o /Users/mucenid/Library/Developer/Xcode/DerivedData/QuestionnaireApp-gjpcrcvguetuqehkzfymdyfrpxet/Build/Intermediates.noindex/QuestionnaireApp.build/Debug-iphonesimulator/QuestionnaireApp.build/QuestionnaireApp.app-Simulated.xcent.der --raw

LinkStoryboards (in target 'QuestionnaireApp' from project 'QuestionnaireApp')
    cd /Users/mucenid/questionnaire_poc/ios/QuestionnaireApp
    /Applications/Xcode.app/Contents/Developer/usr/bin/ibtool --errors --warnings --notices --module QuestionnaireApp --target-device iphone --target-device ipad --minimum-deployment-target 16.0 --output-format human-readable-text --link /Users/mucenid/Library/Developer/Xcode/DerivedData/QuestionnaireApp-gjpcrcvguetuqehkzfymdyfrpxet/Build/Products/Debug-iphonesimulator/QuestionnaireApp.app /Users/mucenid/Library/Developer/Xcode/DerivedData/QuestionnaireApp-gjpcrcvguetuqehkzfymdyfrpxet/Build/Intermediates.noindex/QuestionnaireApp.build/Debug-iphonesimulator/QuestionnaireApp.build/Base.lproj/LaunchScreen.storyboardc

CompileAssetCatalogVariant thinned /Users/mucenid/Library/Developer/Xcode/DerivedData/QuestionnaireApp-gjpcrcvguetuqehkzfymdyfrpxet/Build/Products/Debug-iphonesimulator/QuestionnaireApp.app /Users/mucenid/questionnaire_poc/ios/QuestionnaireApp/QuestionnaireApp/Assets.xcassets (in target 'QuestionnaireApp' from project 'QuestionnaireApp')
    cd /Users/mucenid/questionnaire_poc/ios/QuestionnaireApp
    /Applications/Xcode.app/Contents/Developer/usr/bin/actool /Users/mucenid/questionnaire_poc/ios/QuestionnaireApp/QuestionnaireApp/Assets.xcassets --compile /Users/mucenid/Library/Developer/Xcode/DerivedData/QuestionnaireApp-gjpcrcvguetuqehkzfymdyfrpxet/Build/Intermediates.noindex/QuestionnaireApp.build/Debug-iphonesimulator/QuestionnaireApp.build/assetcatalog_output/thinned --output-format human-readable-text --notices --warnings --export-dependency-info /Users/mucenid/Library/Developer/Xcode/DerivedData/QuestionnaireApp-gjpcrcvguetuqehkzfymdyfrpxet/Build/Intermediates.noindex/QuestionnaireApp.build/Debug-iphonesimulator/QuestionnaireApp.build/assetcatalog_dependencies_thinned --output-partial-info-plist /Users/mucenid/Library/Developer/Xcode/DerivedData/QuestionnaireApp-gjpcrcvguetuqehkzfymdyfrpxet/Build/Intermediates.noindex/QuestionnaireApp.build/Debug-iphonesimulator/QuestionnaireApp.build/assetcatalog_generated_info.plist_thinned --app-icon AppIcon --accent-color AccentColor --compress-pngs --enable-on-demand-resources YES --filter-for-thinning-device-configuration iPhone17,3 --filter-for-device-os-version 18.6 --development-region en --target-device iphone --target-device ipad --minimum-deployment-target 16.0 --platform iphonesimulator

SwiftDriver QuestionnaireApp normal x86_64 com.apple.xcode.tools.swift.compiler (in target 'QuestionnaireApp' from project 'QuestionnaireApp')
    cd /Users/mucenid/questionnaire_poc/ios/QuestionnaireApp
    builtin-SwiftDriver -- /Applications/Xcode.app/Contents/Developer/Toolchains/XcodeDefault.xctoolchain/usr/bin/swiftc -module-name QuestionnaireApp -Onone -enforce-exclusivity\=checked @/Users/mucenid/Library/Developer/Xcode/DerivedData/QuestionnaireApp-gjpcrcvguetuqehkzfymdyfrpxet/Build/Intermediates.noindex/QuestionnaireApp.build/Debug-iphonesimulator/QuestionnaireApp.build/Objects-normal/x86_64/QuestionnaireApp.SwiftFileList -DDEBUG -enable-bare-slash-regex -enable-experimental-feature DebugDescriptionMacro -sdk /Applications/Xcode.app/Contents/Developer/Platforms/iPhoneSimulator.platform/Developer/SDKs/iPhoneSimulator18.5.sdk -target x86_64-apple-ios16.0-simulator -g -module-cache-path /Users/mucenid/Library/Developer/Xcode/DerivedData/ModuleCache.noindex -Xfrontend -serialize-debugging-options -enable-testing -index-store-path /Users/mucenid/Library/Developer/Xcode/DerivedData/QuestionnaireApp-gjpcrcvguetuqehkzfymdyfrpxet/Index.noindex/DataStore -swift-version 5 -I /Users/mucenid/Library/Developer/Xcode/DerivedData/QuestionnaireApp-gjpcrcvguetuqehkzfymdyfrpxet/Build/Products/Debug-iphonesimulator -F /Users/mucenid/Library/Developer/Xcode/DerivedData/QuestionnaireApp-gjpcrcvguetuqehkzfymdyfrpxet/Build/Products/Debug-iphonesimulator -emit-localized-strings -emit-localized-strings-path /Users/mucenid/Library/Developer/Xcode/DerivedData/QuestionnaireApp-gjpcrcvguetuqehkzfymdyfrpxet/Build/Intermediates.noindex/QuestionnaireApp.build/Debug-iphonesimulator/QuestionnaireApp.build/Objects-normal/x86_64 -c -j8 -enable-batch-mode -incremental -Xcc -ivfsstatcache -Xcc /Users/mucenid/Library/Developer/Xcode/DerivedData/SDKStatCaches.noindex/iphonesimulator18.5-22F76-d5fc8ad4295d2ef488fb7d0f804ce0c4.sdkstatcache -output-file-map /Users/mucenid/Library/Developer/Xcode/DerivedData/QuestionnaireApp-gjpcrcvguetuqehkzfymdyfrpxet/Build/Intermediates.noindex/QuestionnaireApp.build/Debug-iphonesimulator/QuestionnaireApp.build/Objects-normal/x86_64/QuestionnaireApp-OutputFileMap.json -use-frontend-parseable-output -save-temps -no-color-diagnostics -serialize-diagnostics -emit-dependencies -emit-module -emit-module-path /Users/mucenid/Library/Developer/Xcode/DerivedData/QuestionnaireApp-gjpcrcvguetuqehkzfymdyfrpxet/Build/Intermediates.noindex/QuestionnaireApp.build/Debug-iphonesimulator/QuestionnaireApp.build/Objects-normal/x86_64/QuestionnaireApp.swiftmodule -validate-clang-modules-once -clang-build-session-file /Users/mucenid/Library/Developer/Xcode/DerivedData/ModuleCache.noindex/Session.modulevalidation -Xcc -I/Users/mucenid/Library/Developer/Xcode/DerivedData/QuestionnaireApp-gjpcrcvguetuqehkzfymdyfrpxet/Build/Intermediates.noindex/QuestionnaireApp.build/Debug-iphonesimulator/QuestionnaireApp.build/swift-overrides.hmap -emit-const-values -Xfrontend -const-gather-protocols-file -Xfrontend /Users/mucenid/Library/Developer/Xcode/DerivedData/QuestionnaireApp-gjpcrcvguetuqehkzfymdyfrpxet/Build/Intermediates.noindex/QuestionnaireApp.build/Debug-iphonesimulator/QuestionnaireApp.build/Objects-normal/x86_64/QuestionnaireApp_const_extract_protocols.json -Xcc -iquote -Xcc /Users/mucenid/Library/Developer/Xcode/DerivedData/QuestionnaireApp-gjpcrcvguetuqehkzfymdyfrpxet/Build/Intermediates.noindex/QuestionnaireApp.build/Debug-iphonesimulator/QuestionnaireApp.build/QuestionnaireApp-generated-files.hmap -Xcc -I/Users/mucenid/Library/Developer/Xcode/DerivedData/QuestionnaireApp-gjpcrcvguetuqehkzfymdyfrpxet/Build/Intermediates.noindex/QuestionnaireApp.build/Debug-iphonesimulator/QuestionnaireApp.build/QuestionnaireApp-own-target-headers.hmap -Xcc -I/Users/mucenid/Library/Developer/Xcode/DerivedData/QuestionnaireApp-gjpcrcvguetuqehkzfymdyfrpxet/Build/Intermediates.noindex/QuestionnaireApp.build/Debug-iphonesimulator/QuestionnaireApp.build/QuestionnaireApp-all-target-headers.hmap -Xcc -iquote -Xcc /Users/mucenid/Library/Developer/Xcode/DerivedData/QuestionnaireApp-gjpcrcvguetuqehkzfymdyfrpxet/Build/Intermediates.noindex/QuestionnaireApp.build/Debug-iphonesimulator/QuestionnaireApp.build/QuestionnaireApp-project-headers.hmap -Xcc -I/Users/mucenid/Library/Developer/Xcode/DerivedData/QuestionnaireApp-gjpcrcvguetuqehkzfymdyfrpxet/Build/Products/Debug-iphonesimulator/include -Xcc -I/Users/mucenid/Library/Developer/Xcode/DerivedData/QuestionnaireApp-gjpcrcvguetuqehkzfymdyfrpxet/Build/Intermediates.noindex/QuestionnaireApp.build/Debug-iphonesimulator/QuestionnaireApp.build/DerivedSources-normal/x86_64 -Xcc -I/Users/mucenid/Library/Developer/Xcode/DerivedData/QuestionnaireApp-gjpcrcvguetuqehkzfymdyfrpxet/Build/Intermediates.noindex/QuestionnaireApp.build/Debug-iphonesimulator/QuestionnaireApp.build/DerivedSources/x86_64 -Xcc -I/Users/mucenid/Library/Developer/Xcode/DerivedData/QuestionnaireApp-gjpcrcvguetuqehkzfymdyfrpxet/Build/Intermediates.noindex/QuestionnaireApp.build/Debug-iphonesimulator/QuestionnaireApp.build/DerivedSources -Xcc -DDEBUG\=1 -emit-objc-header -emit-objc-header-path /Users/mucenid/Library/Developer/Xcode/DerivedData/QuestionnaireApp-gjpcrcvguetuqehkzfymdyfrpxet/Build/Intermediates.noindex/QuestionnaireApp.build/Debug-iphonesimulator/QuestionnaireApp.build/Objects-normal/x86_64/QuestionnaireApp-Swift.h -working-directory /Users/mucenid/questionnaire_poc/ios/QuestionnaireApp -experimental-emit-module-separately -disable-cmo

SwiftCompile normal x86_64 Compiling\ QuestionnaireFlowViewModel.swift /Users/mucenid/questionnaire_poc/ios/QuestionnaireApp/QuestionnaireApp/QuestionnaireFlowViewModel.swift (in target 'QuestionnaireApp' from project 'QuestionnaireApp')
SwiftCompile normal x86_64 /Users/mucenid/questionnaire_poc/ios/QuestionnaireApp/QuestionnaireApp/QuestionnaireFlowViewModel.swift (in target 'QuestionnaireApp' from project 'QuestionnaireApp')
    cd /Users/mucenid/questionnaire_poc/ios/QuestionnaireApp
    

SwiftCompile normal x86_64 Compiling\ QuestionView.swift /Users/mucenid/questionnaire_poc/ios/QuestionnaireApp/QuestionnaireApp/QuestionView.swift (in target 'QuestionnaireApp' from project 'QuestionnaireApp')
SwiftCompile normal x86_64 /Users/mucenid/questionnaire_poc/ios/QuestionnaireApp/QuestionnaireApp/QuestionView.swift (in target 'QuestionnaireApp' from project 'QuestionnaireApp')
    cd /Users/mucenid/questionnaire_poc/ios/QuestionnaireApp
    

SwiftCompile normal x86_64 Compiling\ QuestionnaireListView.swift /Users/mucenid/questionnaire_poc/ios/QuestionnaireApp/QuestionnaireApp/QuestionnaireListView.swift (in target 'QuestionnaireApp' from project 'QuestionnaireApp')

SwiftCompile normal x86_64 /Users/mucenid/questionnaire_poc/ios/QuestionnaireApp/QuestionnaireApp/QuestionnaireListView.swift (in target 'QuestionnaireApp' from project 'QuestionnaireApp')
    cd /Users/mucenid/questionnaire_poc/ios/QuestionnaireApp
    

SwiftCompile normal x86_64 Compiling\ APIClient.swift /Users/mucenid/questionnaire_poc/ios/QuestionnaireApp/QuestionnaireApp/APIClient.swift (in target 'QuestionnaireApp' from project 'QuestionnaireApp')

SwiftCompile normal x86_64 /Users/mucenid/questionnaire_poc/ios/QuestionnaireApp/QuestionnaireApp/APIClient.swift (in target 'QuestionnaireApp' from project 'QuestionnaireApp')
    cd /Users/mucenid/questionnaire_poc/ios/QuestionnaireApp
    

SwiftEmitModule normal x86_64 Emitting\ module\ for\ QuestionnaireApp (in target 'QuestionnaireApp' from project 'QuestionnaireApp')

EmitSwiftModule normal x86_64 (in target 'QuestionnaireApp' from project 'QuestionnaireApp')
    cd /Users/mucenid/questionnaire_poc/ios/QuestionnaireApp
    

SwiftCompile normal x86_64 Compiling\ GeneratedAssetSymbols.swift /Users/mucenid/Library/Developer/Xcode/DerivedData/QuestionnaireApp-gjpcrcvguetuqehkzfymdyfrpxet/Build/Intermediates.noindex/QuestionnaireApp.build/Debug-iphonesimulator/QuestionnaireApp.build/DerivedSources/GeneratedAssetSymbols.swift (in target 'QuestionnaireApp' from project 'QuestionnaireApp')

SwiftCompile normal x86_64 /Users/mucenid/Library/Developer/Xcode/DerivedData/QuestionnaireApp-gjpcrcvguetuqehkzfymdyfrpxet/Build/Intermediates.noindex/QuestionnaireApp.build/Debug-iphonesimulator/QuestionnaireApp.build/DerivedSources/GeneratedAssetSymbols.swift (in target 'QuestionnaireApp' from project 'QuestionnaireApp')
    cd /Users/mucenid/questionnaire_poc/ios/QuestionnaireApp
    

SwiftCompile normal x86_64 Compiling\ Question.swift /Users/mucenid/questionnaire_poc/ios/QuestionnaireApp/QuestionnaireApp/Question.swift (in target 'QuestionnaireApp' from project 'QuestionnaireApp')
Failed frontend command:
/Applications/Xcode.app/Contents/Developer/Toolchains/XcodeDefault.xctoolchain/usr/bin/swift-frontend -frontend -c /Users/mucenid/questionnaire_poc/ios/QuestionnaireApp/QuestionnaireApp/QuestionnaireFlowView.swift /Users/mucenid/questionnaire_poc/ios/QuestionnaireApp/QuestionnaireApp/QuestionnaireListView.swift /Users/mucenid/questionnaire_poc/ios/QuestionnaireApp/QuestionnaireApp/QuestionnaireListViewModel.swift /Users/mucenid/questionnaire_poc/ios/QuestionnaireApp/QuestionnaireApp/APIClient.swift /Users/mucenid/questionnaire_poc/ios/QuestionnaireApp/QuestionnaireApp/QuestionnaireAppApp.swift /Users/mucenid/questionnaire_poc/ios/QuestionnaireApp/QuestionnaireApp/QuestionnaireRoute.swift /Users/mucenid/questionnaire_poc/ios/QuestionnaireApp/QuestionnaireApp/ProgressBarView.swift /Users/mucenid/questionnaire_poc/ios/QuestionnaireApp/QuestionnaireApp/CodableValue.swift /Users/mucenid/questionnaire_poc/ios/QuestionnaireApp/QuestionnaireApp/AppConfiguration.swift /Users/mucenid/questionnaire_poc/ios/QuestionnaireApp/QuestionnaireApp/QuestionnaireProgress.swift /Users/mucenid/questionnaire_poc/ios/QuestionnaireApp/QuestionnaireApp/QuestionView.swift /Users/mucenid/questionnaire_poc/ios/QuestionnaireApp/QuestionnaireApp/QuestionnaireFlowViewModel.swift -primary-file /Users/mucenid/questionnaire_poc/ios/QuestionnaireApp/QuestionnaireApp/Question.swift /Users/mucenid/Library/Developer/Xcode/DerivedData/QuestionnaireApp-gjpcrcvguetuqehkzfymdyfrpxet/Build/Intermediates.noindex/QuestionnaireApp.build/Debug-iphonesimulator/QuestionnaireApp.build/DerivedSources/GeneratedAssetSymbols.swift -emit-dependencies-path /Users/mucenid/Library/Developer/Xcode/DerivedData/QuestionnaireApp-gjpcrcvguetuqehkzfymdyfrpxet/Build/Intermediates.noindex/QuestionnaireApp.build/Debug-iphonesimulator/QuestionnaireApp.build/Objects-normal/x86_64/Question.d -emit-const-values-path /Users/mucenid/Library/Developer/Xcode/DerivedData/QuestionnaireApp-gjpcrcvguetuqehkzfymdyfrpxet/Build/Intermediates.noindex/QuestionnaireApp.build/Debug-iphonesimulator/QuestionnaireApp.build/Objects-normal/x86_64/Question.swiftconstvalues -emit-reference-dependencies-path /Users/mucenid/Library/Developer/Xcode/DerivedData/QuestionnaireApp-gjpcrcvguetuqehkzfymdyfrpxet/Build/Intermediates.noindex/QuestionnaireApp.build/Debug-iphonesimulator/QuestionnaireApp.build/Objects-normal/x86_64/Question.swiftdeps -serialize-diagnostics-path /Users/mucenid/Library/Developer/Xcode/DerivedData/QuestionnaireApp-gjpcrcvguetuqehkzfymdyfrpxet/Build/Intermediates.noindex/QuestionnaireApp.build/Debug-iphonesimulator/QuestionnaireApp.build/Objects-normal/x86_64/Question.dia -emit-localized-strings -emit-localized-strings-path /Users/mucenid/Library/Developer/Xcode/DerivedData/QuestionnaireApp-gjpcrcvguetuqehkzfymdyfrpxet/Build/Intermediates.noindex/QuestionnaireApp.build/Debug-iphonesimulator/QuestionnaireApp.build/Objects-normal/x86_64 -target x86_64-apple-ios16.0-simulator -enable-objc-interop -sdk /Applications/Xcode.app/Contents/Developer/Platforms/iPhoneSimulator.platform/Developer/SDKs/iPhoneSimulator18.5.sdk -I /Users/mucenid/Library/Developer/Xcode/DerivedData/QuestionnaireApp-gjpcrcvguetuqehkzfymdyfrpxet/Build/Products/Debug-iphonesimulator -F /Users/mucenid/Library/Developer/Xcode/DerivedData/QuestionnaireApp-gjpcrcvguetuqehkzfymdyfrpxet/Build/Products/Debug-iphonesimulator -no-color-diagnostics -enable-testing -g -debug-info-format\=dwarf -dwarf-version\=4 -module-cache-path /Users/mucenid/Library/Developer/Xcode/DerivedData/ModuleCache.noindex -swift-version 5 -enforce-exclusivity\=checked -Onone -D DEBUG -serialize-debugging-options -const-gather-protocols-file /Users/mucenid/Library/Developer/Xcode/DerivedData/QuestionnaireApp-gjpcrcvguetuqehkzfymdyfrpxet/Build/Intermediates.noindex/QuestionnaireApp.build/Debug-iphonesimulator/QuestionnaireApp.build/Objects-normal/x86_64/QuestionnaireApp_const_extract_protocols.json -enable-experimental-feature DebugDescriptionMacro -enable-bare-slash-regex -empty-abi-descriptor -validate-clang-modules-once -clang-build-session-file /Users/mucenid/Library/Developer/Xcode/DerivedData/ModuleCache.noindex/Session.modulevalidation -Xcc -working-directory -Xcc /Users/mucenid/questionnaire_poc/ios/QuestionnaireApp -resource-dir /Applications/Xcode.app/Contents/Developer/Toolchains/XcodeDefault.xctoolchain/usr/lib/swift -enable-anonymous-context-mangled-names -file-compilation-dir /Users/mucenid/questionnaire_poc/ios/QuestionnaireApp -Xcc -ivfsstatcache -Xcc /Users/mucenid/Library/Developer/Xcode/DerivedData/SDKStatCaches.noindex/iphonesimulator18.5-22F76-d5fc8ad4295d2ef488fb7d0f804ce0c4.sdkstatcache -Xcc -I/Users/mucenid/Library/Developer/Xcode/DerivedData/QuestionnaireApp-gjpcrcvguetuqehkzfymdyfrpxet/Build/Intermediates.noindex/QuestionnaireApp.build/Debug-iphonesimulator/QuestionnaireApp.build/swift-overrides.hmap -Xcc -iquote -Xcc /Users/mucenid/Library/Developer/Xcode/DerivedData/QuestionnaireApp-gjpcrcvguetuqehkzfymdyfrpxet/Build/Intermediates.noindex/QuestionnaireApp.build/Debug-iphonesimulator/QuestionnaireApp.build/QuestionnaireApp-generated-files.hmap -Xcc -I/Users/mucenid/Library/Developer/Xcode/DerivedData/QuestionnaireApp-gjpcrcvguetuqehkzfymdyfrpxet/Build/Intermediates.noindex/QuestionnaireApp.build/Debug-iphonesimulator/QuestionnaireApp.build/QuestionnaireApp-own-target-headers.hmap -Xcc -I/Users/mucenid/Library/Developer/Xcode/DerivedData/QuestionnaireApp-gjpcrcvguetuqehkzfymdyfrpxet/Build/Intermediates.noindex/QuestionnaireApp.build/Debug-iphonesimulator/QuestionnaireApp.build/QuestionnaireApp-all-target-headers.hmap -Xcc -iquote -Xcc /Users/mucenid/Library/Developer/Xcode/DerivedData/QuestionnaireApp-gjpcrcvguetuqehkzfymdyfrpxet/Build/Intermediates.noindex/QuestionnaireApp.build/Debug-iphonesimulator/QuestionnaireApp.build/QuestionnaireApp-project-headers.hmap -Xcc -I/Users/mucenid/Library/Developer/Xcode/DerivedData/QuestionnaireApp-gjpcrcvguetuqehkzfymdyfrpxet/Build/Products/Debug-iphonesimulator/include -Xcc -I/Users/mucenid/Library/Developer/Xcode/DerivedData/QuestionnaireApp-gjpcrcvguetuqehkzfymdyfrpxet/Build/Intermediates.noindex/QuestionnaireApp.build/Debug-iphonesimulator/QuestionnaireApp.build/DerivedSources-normal/x86_64 -Xcc -I/Users/mucenid/Library/Developer/Xcode/DerivedData/QuestionnaireApp-gjpcrcvguetuqehkzfymdyfrpxet/Build/Intermediates.noindex/QuestionnaireApp.build/Debug-iphonesimulator/QuestionnaireApp.build/DerivedSources/x86_64 -Xcc -I/Users/mucenid/Library/Developer/Xcode/DerivedData/QuestionnaireApp-gjpcrcvguetuqehkzfymdyfrpxet/Build/Intermediates.noindex/QuestionnaireApp.build/Debug-iphonesimulator/QuestionnaireApp.build/DerivedSources -Xcc -DDEBUG\=1 -module-name QuestionnaireApp -frontend-parseable-output -disable-clang-spi -target-sdk-version 18.5 -target-sdk-name iphonesimulator18.5 -external-plugin-path /Applications/Xcode.app/Contents/Developer/Platforms/iPhoneOS.platform/Developer/usr/lib/swift/host/plugins\#/Applications/Xcode.app/Contents/Developer/Platforms/iPhoneOS.platform/Developer/usr/bin/swift-plugin-server -external-plugin-path /Applications/Xcode.app/Contents/Developer/Platforms/iPhoneOS.platform/Developer/usr/local/lib/swift/host/plugins\#/Applications/Xcode.app/Contents/Developer/Platforms/iPhoneOS.platform/Developer/usr/bin/swift-plugin-server -in-process-plugin-server-path /Applications/Xcode.app/Contents/Developer/Toolchains/XcodeDefault.xctoolchain/usr/lib/swift/host/libSwiftInProcPluginServer.dylib -plugin-path /Applications/Xcode.app/Contents/Developer/Toolchains/XcodeDefault.xctoolchain/usr/lib/swift/host/plugins -plugin-path /Applications/Xcode.app/Contents/Developer/Toolchains/XcodeDefault.xctoolchain/usr/local/lib/swift/host/plugins -o /Users/mucenid/Library/Developer/Xcode/DerivedData/QuestionnaireApp-gjpcrcvguetuqehkzfymdyfrpxet/Build/Intermediates.noindex/QuestionnaireApp.build/Debug-iphonesimulator/QuestionnaireApp.build/Objects-normal/x86_64/Question.o -index-unit-output-path /QuestionnaireApp.build/Debug-iphonesimulator/QuestionnaireApp.build/Objects-normal/x86_64/Question.o -index-store-path /Users/mucenid/Library/Developer/Xcode/DerivedData/QuestionnaireApp-gjpcrcvguetuqehkzfymdyfrpxet/Index.noindex/DataStore -index-system-modules

SwiftCompile normal x86_64 /Users/mucenid/questionnaire_poc/ios/QuestionnaireApp/QuestionnaireApp/Question.swift (in target 'QuestionnaireApp' from project 'QuestionnaireApp')
    cd /Users/mucenid/questionnaire_poc/ios/QuestionnaireApp
    
/Users/mucenid/questionnaire_poc/ios/QuestionnaireApp/QuestionnaireApp/Question.swift:56:9: error: circular reference
    let q = Question(id: "calcio_squadre_preferite", text: "Seleziona le tue squadre preferite", type: .multipleChoiceGrouped, scale: nil, options: nil, next: nil, required: true, groups: groups, searchEnabled: true, maxSelections: 5)
        ^
/Users/mucenid/questionnaire_poc/ios/QuestionnaireApp/QuestionnaireApp/Question.swift:44:8: note: through reference here
struct Question: Codable, Identifiable, Hashable {
       ^
/Users/mucenid/questionnaire_poc/ios/QuestionnaireApp/QuestionnaireApp/Question.swift:56:5: note: through reference here
    let q = Question(id: "calcio_squadre_preferite", text: "Seleziona le tue squadre preferite", type: .multipleChoiceGrouped, scale: nil, options: nil, next: nil, required: true, groups: groups, searchEnabled: true, maxSelections: 5)
    ^
/Users/mucenid/questionnaire_poc/ios/QuestionnaireApp/QuestionnaireApp/Question.swift:56:9: note: through reference here
    let q = Question(id: "calcio_squadre_preferite", text: "Seleziona le tue squadre preferite", type: .multipleChoiceGrouped, scale: nil, options: nil, next: nil, required: true, groups: groups, searchEnabled: true, maxSelections: 5)
        ^
/Users/mucenid/questionnaire_poc/ios/QuestionnaireApp/QuestionnaireApp/Question.swift:44:8: error: type 'Question' does not conform to protocol 'Decodable'
struct Question: Codable, Identifiable, Hashable {
       ^
Swift.Decodable.init:2:1: note: protocol requires initializer 'init(from:)' with type 'Decodable'
init(from decoder: any Decoder) throws}
^
/Users/mucenid/questionnaire_poc/ios/QuestionnaireApp/QuestionnaireApp/Question.swift:56:9: note: cannot automatically synthesize 'Decodable' because '<<error type>>' does not conform to 'Decodable'
    let q = Question(id: "calcio_squadre_preferite", text: "Seleziona le tue squadre preferite", type: .multipleChoiceGrouped, scale: nil, options: nil, next: nil, required: true, groups: groups, searchEnabled: true, maxSelections: 5)
        ^
/Users/mucenid/questionnaire_poc/ios/QuestionnaireApp/QuestionnaireApp/Question.swift:56:189: error: cannot use instance member 'groups' within property initializer; property initializers run before 'self' is available
    let q = Question(id: "calcio_squadre_preferite", text: "Seleziona le tue squadre preferite", type: .multipleChoiceGrouped, scale: nil, options: nil, next: nil, required: true, groups: groups, searchEnabled: true, maxSelections: 5)
                                                                                                                                                                                            ^
/Users/mucenid/questionnaire_poc/ios/QuestionnaireApp/QuestionnaireApp/Question.swift:44:8: error: type 'Question' does not conform to protocol 'Decodable'
struct Question: Codable, Identifiable, Hashable {
       ^
Swift.Decodable.init:2:1: note: protocol requires initializer 'init(from:)' with type 'Decodable'
init(from decoder: any Decoder) throws}
^
/Users/mucenid/questionnaire_poc/ios/QuestionnaireApp/QuestionnaireApp/Question.swift:56:9: note: cannot automatically synthesize 'Decodable' because '<<error type>>' does not conform to 'Decodable'
    let q = Question(id: "calcio_squadre_preferite", text: "Seleziona le tue squadre preferite", type: .multipleChoiceGrouped, scale: nil, options: nil, next: nil, required: true, groups: groups, searchEnabled: true, maxSelections: 5)
        ^
/Users/mucenid/questionnaire_poc/ios/QuestionnaireApp/QuestionnaireApp/Question.swift:44:8: error: type 'Question' does not conform to protocol 'Encodable'
struct Question: Codable, Identifiable, Hashable {
       ^
Swift.Encodable.encode:2:6: note: protocol requires function 'encode(to:)' with type 'Encodable'
func encode(to encoder: any Encoder) throws}
     ^
/Users/mucenid/questionnaire_poc/ios/QuestionnaireApp/QuestionnaireApp/Question.swift:56:9: note: cannot automatically synthesize 'Encodable' because '<<error type>>' does not conform to 'Encodable'
    let q = Question(id: "calcio_squadre_preferite", text: "Seleziona le tue squadre preferite", type: .multipleChoiceGrouped, scale: nil, options: nil, next: nil, required: true, groups: groups, searchEnabled: true, maxSelections: 5)
        ^
/Users/mucenid/questionnaire_poc/ios/QuestionnaireApp/QuestionnaireApp/Question.swift:44:8: error: type 'Question' does not conform to protocol 'Hashable'
struct Question: Codable, Identifiable, Hashable {
       ^
/Users/mucenid/questionnaire_poc/ios/QuestionnaireApp/QuestionnaireApp/Question.swift:56:9: note: stored property type '<<error type>>' does not conform to protocol 'Hashable', preventing synthesized conformance of 'Question' to 'Hashable'
    let q = Question(id: "calcio_squadre_preferite", text: "Seleziona le tue squadre preferite", type: .multipleChoiceGrouped, scale: nil, options: nil, next: nil, required: true, groups: groups, searchEnabled: true, maxSelections: 5)
        ^
/Users/mucenid/questionnaire_poc/ios/QuestionnaireApp/QuestionnaireApp/Question.swift:44:8: error: type 'Question' does not conform to protocol 'Equatable'
struct Question: Codable, Identifiable, Hashable {
       ^
/Users/mucenid/questionnaire_poc/ios/QuestionnaireApp/QuestionnaireApp/Question.swift:56:9: note: stored property type '<<error type>>' does not conform to protocol 'Equatable', preventing synthesized conformance of 'Question' to 'Equatable'
    let q = Question(id: "calcio_squadre_preferite", text: "Seleziona le tue squadre preferite", type: .multipleChoiceGrouped, scale: nil, options: nil, next: nil, required: true, groups: groups, searchEnabled: true, maxSelections: 5)
        ^
Swift.==:1:24: note: candidate would match if 'Question' conformed to 'RawRepresentable'
@inlinable public func == <T>(lhs: T, rhs: T) -> Bool where T : RawRepresentable, T.RawValue : Equatable
                       ^
Swift.FloatingPoint.==:2:20: note: candidate would match if 'Question' conformed to 'FloatingPoint'
public static func == (lhs: Self, rhs: Self) -> Bool}
                   ^
Swift.BinaryInteger.==:2:20: note: candidate would match if 'Question' conformed to 'BinaryInteger'
public static func == <Other>(lhs: Self, rhs: Other) -> Bool where Other : BinaryInteger}
                   ^
Swift._Pointer.==:2:20: note: candidate would match if 'Question' conformed to '_Pointer'
public static func == (lhs: Self, rhs: Self) -> Bool}
                   ^
Swift._Pointer.==:2:31: note: candidate would match if 'Question' conformed to '_Pointer'
@inlinable public static func == <Other>(lhs: Self, rhs: Other) -> Bool where Other : _Pointer}
                              ^
Swift.Strideable.==:2:31: note: candidate would match if 'Question' conformed to 'Strideable'
@inlinable public static func == (x: Self, y: Self) -> Bool}
                              ^
Swift.StringProtocol.==:2:31: note: candidate would match if 'Question' conformed to 'StringProtocol'
@inlinable public static func == <RHS>(lhs: Self, rhs: RHS) -> Bool where RHS : StringProtocol}
                              ^
Swift.SIMD.==:2:20: note: candidate would match if 'Question' conformed to 'SIMD'
public static func == (a: Self, b: Self) -> Bool}
                   ^
Foundation.AttributedStringProtocol.==:2:20: note: candidate would match if 'Question' conformed to 'AttributedStringProtocol'
public static func == <RHS>(lhs: Self, rhs: RHS) -> Bool where RHS : AttributedStringProtocol}
                   ^
Foundation._BridgedStoredNSError.==:2:20: note: candidate would match if 'Question' conformed to '_BridgedStoredNSError'
public static func == (lhs: Self, rhs: Self) -> Bool}
                   ^
CoreFoundation._CFObject.==:2:20: note: candidate would match if 'Question' conformed to '_CFObject'
public static func == (left: Self, right: Self) -> Bool}
                   ^
/Users/mucenid/questionnaire_poc/ios/QuestionnaireApp/QuestionnaireApp/Question.swift:44:8: note: add stubs for conformance
struct Question: Codable, Identifiable, Hashable {
       ^
Swift.Equatable.==:2:13: note: protocol requires function '==' with type '(Question, Question) -> Bool'
static func == (lhs: Self, rhs: Self) -> Bool}
            ^

SwiftCompile normal x86_64 Compiling\ QuestionnaireListViewModel.swift /Users/mucenid/questionnaire_poc/ios/QuestionnaireApp/QuestionnaireApp/QuestionnaireListViewModel.swift (in target 'QuestionnaireApp' from project 'QuestionnaireApp')
Command SwiftCompile failed with a nonzero exit code

** BUILD FAILED **


The following build commands failed:
	SwiftCompile normal x86_64 Compiling\ Question.swift /Users/mucenid/questionnaire_poc/ios/QuestionnaireApp/QuestionnaireApp/Question.swift (in target 'QuestionnaireApp' from project 'QuestionnaireApp')
	SwiftCompile normal x86_64 /Users/mucenid/questionnaire_poc/ios/QuestionnaireApp/QuestionnaireApp/Question.swift (in target 'QuestionnaireApp' from project 'QuestionnaireApp')
	SwiftCompile normal x86_64 Compiling\ QuestionnaireListViewModel.swift /Users/mucenid/questionnaire_poc/ios/QuestionnaireApp/QuestionnaireApp/QuestionnaireListViewModel.swift (in target 'QuestionnaireApp' from project 'QuestionnaireApp')
	Building project QuestionnaireApp with scheme QuestionnaireApp
(4 failures)
